0 info it worked if it ends with ok
1 verbose cli [ 'C:\\Program Files\\nodejs\\node.exe',
1 verbose cli   'C:\\Users\\User\\AppData\\Roaming\\npm\\node_modules\\npm\\bin\\npm-cli.js',
1 verbose cli   'start' ]
2 info using npm@3.3.8
3 info using node@v4.4.5
4 verbose run-script [ 'prestart', 'start', 'poststart' ]
5 info lifecycle account_management@0.0.0~prestart: account_management@0.0.0
6 silly lifecycle account_management@0.0.0~prestart: no script for prestart, continuing
7 info lifecycle account_management@0.0.0~start: account_management@0.0.0
8 verbose lifecycle account_management@0.0.0~start: unsafe-perm in lifecycle true
9 verbose lifecycle account_management@0.0.0~start: PATH: C:\Users\User\AppData\Roaming\npm\node_modules\npm\bin\node-gyp-bin;C:\xampp\htdocs\account_management\node_modules\.bin;C:\oraclexe\app\oracle\product\10.2.0\server\bin;C:\ProgramData\Oracle\Java\javapath;C:\Windows\system32;C:\Windows;C:\Windows\System32\Wbem;C:\Windows\System32\WindowsPowerShell\v1.0\;C:\Program Files (x86)\Git\cmd;C:\Program Files\TortoiseGit\bin;C:\Program Files (x86)\Java\jdk1.7.0_75\bin;C:\Program Files\Java\jdk1.8.0_40\bin;C:\Program Files\Git\cmd;C:\xampp\php;C:\Users\User\AppData\Local\Android\sdk\build-tools\23.0.2;C:\xampp\htdocs\javascript\demo-apps\curl-7.40.0-rtmp-ssh2-ssl-sspi-zlib-winidn-static-bin-w64;C:\xampp\htdocs\sqlite;C:\Program Files (x86)\Skype\Phone\;C:\Rajendra\software\apache-maven-3.5.0-bin\apache-maven-3.5.0\bin;C:\Users\User\AppData\Roaming\nvm;C:\Program Files\nodejs;C:\Program Files\nodejs\;C:\xampp\php;C:\Users\User\AppData\Local\atom\bin;C:\Users\User\AppData\Roaming\npm;C:\Users\User\AppData\Roaming\nvm;C:\Program Files\nodejs
10 verbose lifecycle account_management@0.0.0~start: CWD: C:\xampp\htdocs\account_management
11 silly lifecycle account_management@0.0.0~start: Args: [ '/d /s /c', 'node ./bin/www' ]
12 silly lifecycle account_management@0.0.0~start: Returned: code: 3221225786  signal: null
13 info lifecycle account_management@0.0.0~start: Failed to exec start script
14 verbose stack Error: account_management@0.0.0 start: `node ./bin/www`
14 verbose stack Exit status 3221225786
14 verbose stack     at EventEmitter.<anonymous> (C:\Users\User\AppData\Roaming\npm\node_modules\npm\lib\utils\lifecycle.js:233:16)
14 verbose stack     at emitTwo (events.js:87:13)
14 verbose stack     at EventEmitter.emit (events.js:172:7)
14 verbose stack     at ChildProcess.<anonymous> (C:\Users\User\AppData\Roaming\npm\node_modules\npm\lib\utils\spawn.js:24:14)
14 verbose stack     at emitTwo (events.js:87:13)
14 verbose stack     at ChildProcess.emit (events.js:172:7)
14 verbose stack     at maybeClose (internal/child_process.js:827:16)
14 verbose stack     at Process.ChildProcess._handle.onexit (internal/child_process.js:211:5)
15 verbose pkgid account_management@0.0.0
16 verbose cwd C:\xampp\htdocs\account_management
17 error Windows_NT 6.1.7600
18 error argv "C:\\Program Files\\nodejs\\node.exe" "C:\\Users\\User\\AppData\\Roaming\\npm\\node_modules\\npm\\bin\\npm-cli.js" "start"
19 error node v4.4.5
20 error npm  v3.3.8
21 error code ELIFECYCLE
22 error account_management@0.0.0 start: `node ./bin/www`
22 error Exit status 3221225786
23 error Failed at the account_management@0.0.0 start script 'node ./bin/www'.
23 error This is most likely a problem with the account_management package,
23 error not with npm itself.
23 error Tell the author that this fails on your system:
23 error     node ./bin/www
23 error You can get their info via:
23 error     npm owner ls account_management
23 error There is likely additional logging output above.
24 verbose exit [ 1, true ]
